[05-Sep-2020 11:11:24 Europe/Berlin] Hello, errors!
[05-Sep-2020 11:11:24 Europe/Berlin] PHP Warning:  require_once(pdo_connection.php): failed to open stream: No such file or directory in C:\xampp\htdocs\wejapa\wejapablog\processors\add-post.php on line 11
[05-Sep-2020 11:11:24 Europe/Berlin] PHP Fatal error:  require_once(): Failed opening required 'pdo_connection.php' (include_path='C:\xampp\php\PEAR') in C:\xampp\htdocs\wejapa\wejapablog\processors\add-post.php on line 11
[05-Sep-2020 11:12:25 Europe/Berlin] Hello, errors!
[05-Sep-2020 10:12:25 Africa/Lagos] PHP Warning:  Use of undefined constant MAX_ITEM_PICTURE_UPLOAD_SIZE - assumed 'MAX_ITEM_PICTURE_UPLOAD_SIZE' (this will throw an Error in a future version of PHP) in C:\xampp\htdocs\wejapa\wejapablog\processors\add-post.php on line 56
[05-Sep-2020 11:25:12 Europe/Berlin] Hello, errors!
[05-Sep-2020 10:25:12 Africa/Lagos] PHP Warning:  Use of undefined constant MAX_ITEM_PICTURE_UPLOAD_SIZE - assumed 'MAX_ITEM_PICTURE_UPLOAD_SIZE' (this will throw an Error in a future version of PHP) in C:\xampp\htdocs\wejapa\wejapablog\processors\add-post.php on line 56
[05-Sep-2020 11:27:19 Europe/Berlin] Hello, errors!
[05-Sep-2020 10:27:19 Africa/Lagos] PHP Warning:  Use of undefined constant MAX_ITEM_PICTURE_UPLOAD_SIZE - assumed 'MAX_ITEM_PICTURE_UPLOAD_SIZE' (this will throw an Error in a future version of PHP) in C:\xampp\htdocs\wejapa\wejapablog\processors\add-post.php on line 56
[05-Sep-2020 11:29:15 Europe/Berlin] Hello, errors!
[05-Sep-2020 19:04:10 Europe/Berlin] Hello, errors!
[05-Sep-2020 19:04:51 Europe/Berlin] Hello, errors!
[05-Sep-2020 19:07:43 Europe/Berlin] Hello, errors!
[05-Sep-2020 19:11:48 Europe/Berlin] Hello, errors!
[05-Sep-2020 21:18:58 Europe/Berlin] Hello, errors!
[05-Sep-2020 21:19:47 Europe/Berlin] Hello, errors!
[05-Sep-2020 21:20:40 Europe/Berlin] Hello, errors!
[05-Sep-2020 21:22:40 Europe/Berlin] Hello, errors!
[05-Sep-2020 20:22:40 Africa/Lagos] PHP Notice:  Undefined variable: result2 in C:\xampp\htdocs\wejapa\wejapablog\processors\update-post.php on line 81
[05-Sep-2020 20:22:40 Africa/Lagos] PHP Fatal error:  Uncaught Error: Call to a member function rowCount() on null in C:\xampp\htdocs\wejapa\wejapablog\processors\update-post.php:81
Stack trace:
#0 {main}
  thrown in C:\xampp\htdocs\wejapa\wejapablog\processors\update-post.php on line 81
[05-Sep-2020 21:24:02 Europe/Berlin] Hello, errors!
[05-Sep-2020 20:24:02 Africa/Lagos] PHP Notice:  Undefined variable: result2 in C:\xampp\htdocs\wejapa\wejapablog\processors\update-post.php on line 81
[05-Sep-2020 20:24:02 Africa/Lagos] PHP Fatal error:  Uncaught Error: Call to a member function rowCount() on null in C:\xampp\htdocs\wejapa\wejapablog\processors\update-post.php:81
Stack trace:
#0 {main}
  thrown in C:\xampp\htdocs\wejapa\wejapablog\processors\update-post.php on line 81
[05-Sep-2020 21:24:35 Europe/Berlin] Hello, errors!
[05-Sep-2020 21:26:50 Europe/Berlin] Hello, errors!
[05-Sep-2020 21:28:35 Europe/Berlin] Hello, errors!
[05-Sep-2020 21:28:55 Europe/Berlin] Hello, errors!
